T4134 55669:334.016   SEGGER J-Link V8.12a Log File
T4134 55669:334.016   DLL Compiled: Jan  9 2025 14:34:24
T4134 55669:334.016   Logging started @ 2025-02-14 18:49
T4134 55669:334.016   Process: C:\Program Files (x86)\Atmel\Studio\7.0\atbackend\atbackend.exe
T4134 55669:334.016 - 37079.304ms 
T4134 55669:346.304 JLINK_ExecCommand("Device = AT91SAM4S8B", ...). 
T4134 55669:346.304   Device "ATSAM4S8BA" selected.
T4134 55669:346.304 - 0.777ms returns 0x00
T4134 55669:383.168 JLINK_TIF_Select(JLINKARM_TIF_SWD)
T4134 55669:391.360 - 2.201ms returns 0x00
T4134 55669:391.360 JLINK_SetSpeed(4000)
T4134 55669:391.360 - 0.574ms 
T4134 55669:391.360 JLINK_ResetPullsRESET(OFF)
T4134 55669:391.360 - 0.026ms 
T4134 55669:391.360 JLINK_Connect()
T4134 55669:391.360   Found SW-DP with ID 0x2BA01477
T4134 55669:399.552   DPIDR: 0x2BA01477
T4134 55669:399.552   CoreSight SoC-400 or earlier
T4134 55669:399.552   Scanning AP map to find all available APs
T4134 55669:403.648   AP[1]: Stopped AP scan as end of AP map has been reached
T4134 55669:403.648   AP[0]: AHB-AP (IDR: 0x24770011, ADDR: 0x00000000)
T4134 55669:403.648   Iterating through AP map to find AHB-AP to use
T4134 55669:403.648   AP[0]: Core found
T4134 55669:403.648   AP[0]: AHB-AP ROM base: 0xE00FF000
T4134 55669:403.648   CPUID register: 0x410FC241. Implementer code: 0x41 (ARM)
T4134 55669:403.648   Found Cortex-M4 r0p1, Little endian.
T4134 55669:403.648   -- Max. mem block: 0x000013E0
T4134 55669:411.840   CPU_ReadMem(4 bytes @ 0xE000EDF0)
T4134 55669:411.840   CPU_WriteMem(4 bytes @ 0xE000EDF0)
T4134 55669:411.840   CPU_ReadMem(4 bytes @ 0xE0002000)
T4134 55669:411.840   FPUnit: 6 code (BP) slots and 2 literal slots
T4134 55669:411.840   CPU_ReadMem(4 bytes @ 0xE000EDFC)
T4134 55669:411.840   CPU_WriteMem(4 bytes @ 0xE000EDFC)
T4134 55669:411.840   CPU_ReadMem(4 bytes @ 0xE0001000)
T4134 55669:411.840   CPU_WriteMem(4 bytes @ 0xE0001000)
T4134 55669:411.840   CPU_ReadMem(4 bytes @ 0xE000ED88)
T4134 55669:415.936   CPU_WriteMem(4 bytes @ 0xE000ED88)
T4134 55669:415.936   CPU_ReadMem(4 bytes @ 0xE000ED88)
T4134 55669:415.936   CPU_WriteMem(4 bytes @ 0xE000ED88)
T4134 55669:415.936   CoreSight components:
T4134 55669:415.936   ROMTbl[0] @ E00FF000
T4134 55669:415.936   CPU_ReadMem(64 bytes @ 0xE00FF000)
T4134 55669:415.936   CPU_ReadMem(32 bytes @ 0xE000EFE0)
T4134 55669:415.936   [0][0]: E000E000 CID B105E00D PID 000BB000 SCS
T4134 55669:415.936   CPU_ReadMem(32 bytes @ 0xE0001FE0)
T4134 55669:415.936   [0][1]: E0001000 CID B105E00D PID 003BB002 DWT
T4134 55669:415.936   CPU_ReadMem(32 bytes @ 0xE0002FE0)
T4134 55669:424.128   [0][2]: E0002000 CID B105E00D PID 002BB003 FPB
T4134 55669:424.128   CPU_ReadMem(32 bytes @ 0xE0000FE0)
T4134 55669:424.128   [0][3]: E0000000 CID B105E00D PID 003BB001 ITM
T4134 55669:424.128   CPU_ReadMem(32 bytes @ 0xE0040FE0)
T4134 55669:424.128   [0][4]: E0040000 CID B105900D PID 000BB9A1 TPIU
T4134 55669:424.128 - 32.363ms returns 0x00
T4134 55669:424.128 JLINK_Halt()
T4134 55669:424.128 - 3.850ms returns 0x00
T4134 55669:432.320 JLINK_BeginDownload(Flags = 0x00000000)
T4134 55669:432.320 - 0.012ms 
T4134 55669:432.320 JLINK_WriteMem(0x400E0A04, 0x4 Bytes, ...)
T4134 55669:432.320   Data:  0B 01 00 5A
T4134 55669:432.320   CPU_WriteMem(4 bytes @ 0x400E0A04)
T4134 55669:432.320 - 1.374ms returns 0x4
T4134 55669:432.320 JLINK_EndDownload()
T4134 55669:432.320 - 0.012ms returns 0 (0x0)
T4134 55669:432.320 JLINK_ReadMemHW(0x400E0A08, 0x0004 Bytes, ...)
T4134 55669:432.320   CPU_ReadMem(4 bytes @ 0x400E0A08)
T4134 55669:432.320   Data:  01 00 00 00
T4134 55669:432.320 - 0.574ms returns 0
T4134 55669:432.320 JLINK_SetResetType(JLINKARM_CM3_RESET_TYPE_NORMAL)
T4134 55669:432.320 - 0.016ms returns JLINKARM_CM3_RESET_TYPE_NORMAL
T4134 55669:432.320 JLINK_Reset()
T4134 55669:432.320   CPU_ReadMem(16 bytes @ 0x20000000)
T4134 55669:432.320   CPU_WriteMem(16 bytes @ 0x20000000)
T4134 55669:432.320   CPU_ReadMem(4 bytes @ 0xE000EDFC)
T4134 55669:432.320   CPU_WriteMem(4 bytes @ 0xE000EDFC)
T4134 55669:432.320   CPU_ReadMem(4 bytes @ 0xE0001000)
T4134 55669:448.704   CPU_WriteMem(4 bytes @ 0xE000EDFC)
T4134 55669:448.704   CPU_WriteMem(16 bytes @ 0x20000000)
T4134 55669:456.896   CPU_WriteMem(4 bytes @ 0xE0002000)
T4134 55669:456.896   CPU_ReadMem(4 bytes @ 0xE000EDFC)
T4134 55669:465.088   CPU_ReadMem(4 bytes @ 0xE0001000)
T4134 55669:465.088 - 31.566ms 
T4134 55669:465.088 JLINK_JTAG_GetDeviceID(DeviceIndex = 0)
T4134 55669:465.088 - 0.023ms returns 0
T4134 55669:465.088 JLINK_ReadMemU32(0x400E0740, 0x1 Items)
T4134 55669:465.088   CPU_ReadMem(4 bytes @ 0x400E0740)
T4134 55669:465.088   Data:  E0 0A 9C 28
T4134 55669:465.088 - 0.769ms returns 1 (0x1)
T4134 55669:465.088 JLINK_ReadMemU32(0x400E0744, 0x1 Items)
T4134 55669:465.088   CPU_ReadMem(4 bytes @ 0x400E0744)
T4134 55669:465.088   Data:  00 00 00 00
T4134 55669:465.088 - 0.634ms returns 1 (0x1)
T4134 55669:465.088 JLINK_BeginDownload(Flags = 0x00000000)
T4134 55669:465.088 - 0.043ms 
T4134 55669:465.088 JLINK_WriteMem(0x400E0A04, 0x4 Bytes, ...)
T4134 55669:465.088   Data:  05 00 00 5A
T4134 55669:465.088   CPU_WriteMem(4 bytes @ 0x400E0A04)
T4134 55669:465.088 - 0.720ms returns 0x4
T4134 55669:465.088 JLINK_EndDownload()
T4134 55669:465.088 - 0.015ms returns 0 (0x0)
T4134 55669:465.088 JLINK_ReadMemHW(0x400E0A08, 0x0004 Bytes, ...)
T4134 55669:465.088   CPU_ReadMem(4 bytes @ 0x400E0A08)
T4134 55669:469.184   Data:  00 00 00 00
T4134 55669:469.184 - 0.788ms returns 0
T4134 55669:469.184 JLINK_ReadMemHW(0x400E0A08, 0x0004 Bytes, ...)
T4134 55669:469.184   CPU_ReadMem(4 bytes @ 0x400E0A08)
T4134 55669:469.184   Data:  00 00 00 00
T4134 55669:469.184 - 0.741ms returns 0
T4134 55669:477.376 JLINK_ReadMemHW(0x400E0A08, 0x0004 Bytes, ...)
T4134 55669:477.376   CPU_ReadMem(4 bytes @ 0x400E0A08)
T4134 55669:477.376   Data:  00 00 00 00
T4134 55669:477.376 - 0.880ms returns 0
T0394 55669:477.376 JLINK_IsHalted()
T0394 55669:477.376 - 0.030ms returns TRUE
T0394 55669:477.376 JLINK_GetMOEs(...)
T0394 55669:477.376   CPU_ReadMem(4 bytes @ 0xE000ED30)
T0394 55669:477.376 - 0.764ms returns 0x01
T0394 55669:477.376 JLINK_ReadReg(R15 (PC))
T0394 55669:477.376 - 0.012ms returns 0x00400B40
T4134 55669:497.856 JLINK_ReadMemHW(0x400E0A08, 0x0004 Bytes, ...)
T4134 55669:497.856   CPU_ReadMem(4 bytes @ 0x400E0A08)
T4134 55669:497.856   Data:  00 00 00 00
T4134 55669:497.856 - 0.895ms returns 0
T4134 55669:563.392 JLINK_ReadMemHW(0x400E0A08, 0x0004 Bytes, ...)
T4134 55669:563.392   CPU_ReadMem(4 bytes @ 0x400E0A08)
T4134 55669:563.392   Data:  00 00 00 00
T4134 55669:563.392 - 1.068ms returns 0
T0394 55669:678.080 JLINK_IsHalted()
T0394 55669:678.080 - 0.043ms returns TRUE
T4134 55669:817.344 JLINK_ReadMemHW(0x400E0A08, 0x0004 Bytes, ...)
T4134 55669:817.344   CPU_ReadMem(4 bytes @ 0x400E0A08)
T4134 55669:817.344   Data:  00 00 00 00
T4134 55669:817.344 - 0.794ms returns 0
T0394 55669:882.880 JLINK_IsHalted()
T0394 55669:882.880 - 0.052ms returns TRUE
T0394 55670:079.488 JLINK_IsHalted()
T0394 55670:087.680 - 1.038ms returns TRUE
T0394 55670:284.288 JLINK_IsHalted()
T0394 55670:284.288 - 0.076ms returns TRUE
T0394 55670:484.992 JLINK_IsHalted()
T0394 55670:484.992 - 0.070ms returns TRUE
T0394 55670:689.792 JLINK_IsHalted()
T0394 55670:689.792 - 1.928ms returns TRUE
T4134 55670:820.864 JLINK_ReadMemHW(0x400E0A08, 0x0004 Bytes, ...)
T4134 55670:820.864   CPU_ReadMem(4 bytes @ 0x400E0A08)
T4134 55670:820.864   Data:  00 00 00 00
T4134 55670:820.864 - 1.352ms returns 0
T4134 55670:820.864 JLINK_ReadMemHW(0x400E0A08, 0x0004 Bytes, ...)
T4134 55670:820.864   CPU_ReadMem(4 bytes @ 0x400E0A08)
T4134 55670:820.864   Data:  00 00 00 00
T4134 55670:820.864 - 0.722ms returns 0
T4134 55670:824.960 JLINK_ReadMemHW(0x400E0A08, 0x0004 Bytes, ...)
T4134 55670:824.960   CPU_ReadMem(4 bytes @ 0x400E0A08)
T4134 55670:824.960   Data:  00 00 00 00
T4134 55670:824.960 - 0.937ms returns 0
T4134 55670:833.152 JLINK_ReadMemHW(0x400E0A08, 0x0004 Bytes, ...)
T4134 55670:833.152   CPU_ReadMem(4 bytes @ 0x400E0A08)
T4134 55670:833.152   Data:  00 00 00 00
T4134 55670:833.152 - 1.490ms returns 0
T4134 55670:853.632 JLINK_ReadMemHW(0x400E0A08, 0x0004 Bytes, ...)
T4134 55670:853.632   CPU_ReadMem(4 bytes @ 0x400E0A08)
T4134 55670:853.632   Data:  00 00 00 00
T4134 55670:853.632 - 1.415ms returns 0
T0394 55670:890.496 JLINK_IsHalted()
T0394 55670:890.496 - 0.401ms returns TRUE
T4134 55670:919.168 JLINK_ReadMemHW(0x400E0A08, 0x0004 Bytes, ...)
T4134 55670:919.168   CPU_ReadMem(4 bytes @ 0x400E0A08)
T4134 55670:919.168   Data:  00 00 00 00
T4134 55670:919.168 - 1.171ms returns 0
T0394 55671:095.296 JLINK_IsHalted()
T0394 55671:095.296 - 0.062ms returns TRUE
T4134 55671:173.120 JLINK_ReadMemHW(0x400E0A08, 0x0004 Bytes, ...)
T4134 55671:173.120   CPU_ReadMem(4 bytes @ 0x400E0A08)
T4134 55671:173.120   Data:  00 00 00 00
T4134 55671:173.120 - 1.153ms returns 0
T0394 55671:291.904 JLINK_IsHalted()
T0394 55671:300.096 - 0.884ms returns TRUE
T0394 55671:496.704 JLINK_IsHalted()
T0394 55671:496.704 - 0.237ms returns TRUE
T0394 55671:697.408 JLINK_IsHalted()
T0394 55671:697.408 - 0.096ms returns TRUE
T0394 55671:902.208 JLINK_IsHalted()
T0394 55671:902.208 - 0.820ms returns TRUE
T0394 55672:102.912 JLINK_IsHalted()
T0394 55672:102.912 - 0.072ms returns TRUE
T4134 55672:184.832 JLINK_ReadMemHW(0x400E0A08, 0x0004 Bytes, ...)
T4134 55672:184.832   CPU_ReadMem(4 bytes @ 0x400E0A08)
T4134 55672:184.832   Data:  00 00 00 00
T4134 55672:184.832 - 1.309ms returns 0
T4134 55672:184.832 JLINK_ReadMemHW(0x400E0A08, 0x0004 Bytes, ...)
T4134 55672:184.832   CPU_ReadMem(4 bytes @ 0x400E0A08)
T4134 55672:184.832   Data:  00 00 00 00
T4134 55672:184.832 - 0.807ms returns 0
T4134 55672:184.832 JLINK_ReadMemHW(0x400E0A08, 0x0004 Bytes, ...)
T4134 55672:184.832   CPU_ReadMem(4 bytes @ 0x400E0A08)
T4134 55672:184.832   Data:  00 00 00 00
T4134 55672:184.832 - 1.598ms returns 0
T4134 55672:188.928 JLINK_ReadMemHW(0x400E0A08, 0x0004 Bytes, ...)
T4134 55672:188.928   CPU_ReadMem(4 bytes @ 0x400E0A08)
T4134 55672:188.928   Data:  00 00 00 00
T4134 55672:188.928 - 1.043ms returns 0
T4134 55672:209.408 JLINK_ReadMemHW(0x400E0A08, 0x0004 Bytes, ...)
T4134 55672:209.408   CPU_ReadMem(4 bytes @ 0x400E0A08)
T4134 55672:217.600   Data:  00 00 00 00
T4134 55672:217.600 - 1.239ms returns 0
T4134 55672:283.136 JLINK_ReadMemHW(0x400E0A08, 0x0004 Bytes, ...)
T4134 55672:283.136   CPU_ReadMem(4 bytes @ 0x400E0A08)
T4134 55672:283.136   Data:  00 00 00 00
T4134 55672:283.136 - 1.030ms returns 0
T0394 55672:307.712 JLINK_IsHalted()
T0394 55672:307.712 - 0.066ms returns TRUE
T0394 55672:504.320 JLINK_IsHalted()
T0394 55672:504.320 - 0.962ms returns TRUE
T4134 55672:537.088 JLINK_ReadMemHW(0x400E0A08, 0x0004 Bytes, ...)
T4134 55672:537.088   CPU_ReadMem(4 bytes @ 0x400E0A08)
T4134 55672:537.088   Data:  00 00 00 00
T4134 55672:537.088 - 1.258ms returns 0
T0394 55672:709.120 JLINK_IsHalted()
T0394 55672:709.120 - 0.055ms returns TRUE
T0394 55672:909.824 JLINK_IsHalted()
T0394 55672:909.824 - 0.066ms returns TRUE
T0394 55673:114.624 JLINK_IsHalted()
T0394 55673:114.624 - 0.830ms returns TRUE
T0394 55673:311.232 JLINK_IsHalted()
T0394 55673:311.232 - 0.071ms returns TRUE
T0394 55673:511.936 JLINK_IsHalted()
T0394 55673:511.936 - 0.047ms returns TRUE
T4134 55673:540.608 JLINK_ReadMemHW(0x400E0A08, 0x0004 Bytes, ...)
T4134 55673:540.608   CPU_ReadMem(4 bytes @ 0x400E0A08)
T4134 55673:540.608   Data:  00 00 00 00
T4134 55673:540.608 - 1.327ms returns 0
T4134 55673:540.608 JLINK_ReadMemHW(0x400E0A08, 0x0004 Bytes, ...)
T4134 55673:540.608   CPU_ReadMem(4 bytes @ 0x400E0A08)
T4134 55673:540.608   Data:  00 00 00 00
T4134 55673:540.608 - 1.043ms returns 0
T4134 55673:544.704 JLINK_ReadMemHW(0x400E0A08, 0x0004 Bytes, ...)
T4134 55673:544.704   CPU_ReadMem(4 bytes @ 0x400E0A08)
T4134 55673:544.704   Data:  00 00 00 00
T4134 55673:544.704 - 1.099ms returns 0
T4134 55673:552.896 JLINK_ReadMemHW(0x400E0A08, 0x0004 Bytes, ...)
T4134 55673:552.896   CPU_ReadMem(4 bytes @ 0x400E0A08)
T4134 55673:552.896   Data:  00 00 00 00
T4134 55673:552.896 - 1.556ms returns 0
T4134 55673:573.376 JLINK_ReadMemHW(0x400E0A08, 0x0004 Bytes, ...)
T4134 55673:573.376   CPU_ReadMem(4 bytes @ 0x400E0A08)
T4134 55673:573.376   Data:  00 00 00 00
T4134 55673:573.376 - 1.011ms returns 0
T4134 55673:638.912 JLINK_ReadMemHW(0x400E0A08, 0x0004 Bytes, ...)
T4134 55673:638.912   CPU_ReadMem(4 bytes @ 0x400E0A08)
T4134 55673:638.912   Data:  00 00 00 00
T4134 55673:638.912 - 1.175ms returns 0
T0394 55673:708.544 JLINK_IsHalted()
T0394 55673:716.736 - 1.045ms returns TRUE
T4134 55673:892.864 JLINK_ReadMemHW(0x400E0A08, 0x0004 Bytes, ...)
T4134 55673:892.864   CPU_ReadMem(4 bytes @ 0x400E0A08)
T4134 55673:892.864   Data:  00 00 00 00
T4134 55673:892.864 - 0.919ms returns 0
T0394 55673:913.344 JLINK_IsHalted()
T0394 55673:913.344 - 0.094ms returns TRUE
T0394 55674:118.144 JLINK_IsHalted()
T0394 55674:118.144 - 0.073ms returns TRUE
T0394 55674:318.848 JLINK_IsHalted()
T0394 55674:318.848 - 0.794ms returns TRUE
T0394 55674:515.456 JLINK_IsHalted()
T0394 55674:515.456 - 0.049ms returns TRUE
T0394 55674:724.352 JLINK_IsHalted()
T0394 55674:724.352 - 0.071ms returns TRUE
T4134 55674:896.384 JLINK_ReadMemHW(0x400E0A08, 0x0004 Bytes, ...)
T4134 55674:896.384   CPU_ReadMem(4 bytes @ 0x400E0A08)
T4134 55674:904.576   Data:  00 00 00 00
T4134 55674:904.576 - 1.370ms returns 0
T4134 55674:904.576 JLINK_ReadMemHW(0x400E0A08, 0x0004 Bytes, ...)
T4134 55674:904.576   CPU_ReadMem(4 bytes @ 0x400E0A08)
T4134 55674:904.576   Data:  00 00 00 00
T4134 55674:904.576 - 1.358ms returns 0
T4134 55674:904.576 JLINK_ReadMemHW(0x400E0A08, 0x0004 Bytes, ...)
T4134 55674:904.576   CPU_ReadMem(4 bytes @ 0x400E0A08)
T4134 55674:904.576   Data:  00 00 00 00
T4134 55674:904.576 - 1.070ms returns 0
T4134 55674:908.672 JLINK_ReadMemHW(0x400E0A08, 0x0004 Bytes, ...)
T4134 55674:908.672   CPU_ReadMem(4 bytes @ 0x400E0A08)
T4134 55674:908.672   Data:  00 00 00 00
T4134 55674:908.672 - 1.053ms returns 0
T0394 55674:920.960 JLINK_IsHalted()
T0394 55674:920.960 - 1.018ms returns TRUE
T4134 55674:929.152 JLINK_ReadMemHW(0x400E0A08, 0x0004 Bytes, ...)
T4134 55674:929.152   CPU_ReadMem(4 bytes @ 0x400E0A08)
T4134 55674:929.152   Data:  00 00 00 00
T4134 55674:929.152 - 0.732ms returns 0
T4134 55674:994.688 JLINK_ReadMemHW(0x400E0A08, 0x0004 Bytes, ...)
T4134 55674:994.688   CPU_ReadMem(4 bytes @ 0x400E0A08)
T4134 55674:994.688   Data:  00 00 00 00
T4134 55674:994.688 - 1.030ms returns 0
T0394 55675:125.760 JLINK_IsHalted()
T0394 55675:125.760 - 0.207ms returns TRUE
T4134 55675:248.640 JLINK_ReadMemHW(0x400E0A08, 0x0004 Bytes, ...)
T4134 55675:248.640   CPU_ReadMem(4 bytes @ 0x400E0A08)
T4134 55675:248.640   Data:  01 00 00 00
T4134 55675:248.640 - 1.229ms returns 0
T0394 55675:330.560 JLINK_IsHalted()
T0394 55675:330.560 - 0.096ms returns TRUE
T4134 55675:330.560 JLINK_ResetPullsRESET(ON)
T4134 55675:330.560 - 0.166ms 
T4134 55675:330.560 JLINK_ResetNoHalt()
T4134 55675:334.656   Found SW-DP with ID 0x2BA01477
T4134 55675:342.848   DPIDR: 0x2BA01477
T4134 55675:342.848   CoreSight SoC-400 or earlier
T4134 55675:342.848   AP map detection skipped. Manually configured AP map found.
T4134 55675:342.848   AP[0]: AHB-AP (IDR: Not set, ADDR: 0x00000000)
T4134 55675:342.848   AP[0]: Core found
T4134 55675:342.848   AP[0]: AHB-AP ROM base: 0xE00FF000
T4134 55675:342.848   CPUID register: 0x410FC241. Implementer code: 0x41 (ARM)
T4134 55675:342.848   Found Cortex-M4 r0p1, Little endian.
T4134 55675:342.848   -- Max. mem block: 0x000012C8
T4134 55675:342.848   CPU_ReadMem(4 bytes @ 0xE000EDF0)
T4134 55675:346.944   CPU_ReadMem(4 bytes @ 0xE0002000)
T4134 55675:346.944   FPUnit: 6 code (BP) slots and 2 literal slots
T4134 55675:346.944   CPU_ReadMem(4 bytes @ 0xE000EDFC)
T4134 55675:346.944   CPU_ReadMem(4 bytes @ 0xE0001000)
T4134 55675:346.944   CPU_WriteMem(4 bytes @ 0xE0001000)
T4134 55675:346.944   CPU_ReadMem(4 bytes @ 0xE000ED88)
T4134 55675:355.136   CPU_WriteMem(4 bytes @ 0xE000ED88)
T4134 55675:355.136   CPU_ReadMem(4 bytes @ 0xE000ED88)
T4134 55675:355.136   CPU_WriteMem(4 bytes @ 0xE000ED88)
T4134 55675:355.136   CoreSight components:
T4134 55675:355.136   ROMTbl[0] @ E00FF000
T4134 55675:355.136   CPU_ReadMem(64 bytes @ 0xE00FF000)
T4134 55675:355.136   CPU_ReadMem(32 bytes @ 0xE000EFE0)
T4134 55675:363.328   [0][0]: E000E000 CID B105E00D PID 000BB000 SCS
T4134 55675:363.328   CPU_ReadMem(32 bytes @ 0xE0001FE0)
T4134 55675:363.328   [0][1]: E0001000 CID B105E00D PID 003BB002 DWT
T4134 55675:363.328   CPU_ReadMem(32 bytes @ 0xE0002FE0)
T4134 55675:363.328   [0][2]: E0002000 CID B105E00D PID 002BB003 FPB
T4134 55675:363.328   CPU_ReadMem(32 bytes @ 0xE0000FE0)
T4134 55675:363.328   [0][3]: E0000000 CID B105E00D PID 003BB001 ITM
T4134 55675:363.328   CPU_ReadMem(32 bytes @ 0xE0040FE0)
T4134 55675:363.328   [0][4]: E0040000 CID B105900D PID 000BB9A1 TPIU
T4134 55675:363.328   JLINK_Reset()
T4134 55675:363.328     CPU_ReadMem(16 bytes @ 0x20000000)
T4134 55675:363.328     CPU_WriteMem(16 bytes @ 0x20000000)
T4134 55675:367.424     CPU_ReadMem(4 bytes @ 0xE000EDFC)
T4134 55675:367.424     CPU_WriteMem(4 bytes @ 0xE000EDFC)
T4134 55675:367.424     CPU_ReadMem(4 bytes @ 0xE0001000)
T4134 55675:367.424     CPU_WriteMem(4 bytes @ 0xE0001004)
T4134 55675:387.904     CPU_WriteMem(4 bytes @ 0xE000EDFC)
T4134 55675:387.904     CPU_WriteMem(16 bytes @ 0x20000000)
T4134 55675:396.096     CPU_WriteMem(4 bytes @ 0xE0002000)
T4134 55675:396.096     CPU_ReadMem(4 bytes @ 0xE000EDFC)
T4134 55675:400.192     CPU_ReadMem(4 bytes @ 0xE0001000)
T4134 55675:400.192   - 35.744ms 
T4134 55675:400.192   JLINK_Go()
T4134 55675:400.192     CPU_ReadMem(4 bytes @ 0xE0001000)
T4134 55675:400.192     CPU_WriteMem(4 bytes @ 0xE0001004)
T4134 55675:400.192     Memory map 'after startup completion point' is active
T4134 55675:400.192   - 3.527ms 
T4134 55675:400.192 - 71.695ms 
T4134 55675:412.480 JLINK_Close()
T4134 55675:445.248 - 36.963ms
T4134 55675:445.248   
T4134 55675:445.248   Closed
